<?xml version="1.0" encoding="UTF-8"?>
<!-- Generated by org.testng.reporters.JUnitReportReporter -->
<testsuite hostname="LAPTOP-3ACFKIGT" failures="0" tests="5" name="tests.EcomTest" time="64.988" errors="0" timestamp="2024-11-01T14:54:04 IST" skipped="0">
  <testcase classname="tests.EcomTest" name="test1" time="10.395"/>
  <testcase classname="tests.EcomTest" name="test2" time="20.397"/>
  <testcase classname="tests.EcomTest" name="test3" time="16.551"/>
  <testcase classname="tests.EcomTest" name="test4" time="17.641"/>
  <testcase classname="tests.EcomTest" name="test5" time="0.004"/>
</testsuite> <!-- tests.EcomTest -->
